Arguments: 
  /usr/local/Cellar/node/17.7.2/bin/node /usr/local/bin/yarn init

PATH: 
  /usr/local/bin:/usr/bin:/bin:/usr/sbin:/sbin:/Users/tawhid/.composer/vendor/bin:/Users/tawhid/tools/flutter/bin:/usr/local/bin

Yarn version: 
  1.22.17

Node version: 
  17.7.2

Platform: 
  darwin x64

Trace: 
  Error: canceled
      at Interface.<anonymous> (/usr/local/lib/node_modules/yarn/lib/cli.js:137143:13)
      at Interface.emit (node:events:527:28)
      at Interface.[_ttyWrite] [as _ttyWrite] (node:internal/readline/interface:1117:18)
      at ReadStream.onkeypress (node:internal/readline/interface:269:20)
      at ReadStream.emit (node:events:527:28)
      at emitKeys (node:internal/readline/utils:358:14)
      at emitKeys.next (<anonymous>)
      at ReadStream.onData (node:internal/readline/emitKeypressEvents:64:36)
      at ReadStream.emit (node:events:527:28)
      at addChunk (node:internal/streams/readable:324:12)

npm manifest: 
  No manifest

yarn manifest: 
  No manifest

Lockfile: 
  No lockfile
